<?xml version="1.0" encoding="UTF-8"?>
<!-- Generated by org.testng.reporters.JUnitXMLReporter -->
<testsuite hostname="xuxe" ignored="0" name="Default test" tests="3" failures="0" timestamp="09 Okt 2018 07:36:39 GMT" time="27.913" errors="0">
  <testcase name="verifyStatementOnWrongAcc" time="10.774" classname="main.java.bank.testcases.user.CustomisedStatement"/>
  <testcase name="verifyOnNotExistAccNo" time="4.7" classname="main.java.bank.testcases.user.CustomisedStatement"/>
  <testcase name="verifyOnWrongDateInput" time="5.059" classname="main.java.bank.testcases.user.CustomisedStatement"/>
</testsuite> <!-- Default test -->
