<?xml version="1.0" encoding="UTF-8"?>
<!-- Generated by org.testng.reporters.JUnitXMLReporter -->
<testsuite hostname="xuxe" ignored="0" name="Test Fund transfer and Statement" tests="6" failures="0" timestamp="09 Okt 2018 10:43:53 GMT" time="44.235" errors="0">
  <testcase name="verifyFundTransfer" time="7.69" classname="main.java.bank.testcases.user.FundTransferAndStatement"/>
  <testcase name="verifyRefreshingFundDetails" time="2.875" classname="main.java.bank.testcases.user.FundTransferAndStatement"/>
  <testcase name="verifyCustomizedStatement" time="6.246" classname="main.java.bank.testcases.user.FundTransferAndStatement"/>
  <testcase name="verifyTransferOnNotAuthorizationAcc" time="8.215" classname="main.java.bank.testcases.user.FundTransferAndStatement"/>
  <testcase name="verifyTransfertoNonExistAcc" time="7.085" classname="main.java.bank.testcases.user.FundTransferAndStatement"/>
  <testcase name="verifyTransferToSameAcc" time="5.101" classname="main.java.bank.testcases.user.FundTransferAndStatement"/>
</testsuite> <!-- Test Fund transfer and Statement -->
