<?xml version="1.0" encoding="UTF-8"?>
<!-- Generated by org.testng.reporters.JUnitXMLReporter -->
<testsuite hostname="xuxe" ignored="0" name="Test Edit Account" tests="3" failures="1" timestamp="09 Okt 2018 10:48:02 GMT" time="67.613" errors="0">
  <testcase name="verifyEditAccount" time="2.707" classname="main.java.bank.testcases.EditAccount">
    <failure type="java.lang.NullPointerException">
      <![CDATA[java.lang.NullPointerException
at org.openqa.selenium.support.pagefactory.internal.LocatingElementHandler.invoke(LocatingElementHandler.java:51)
at com.sun.proxy.$Proxy9.clear(Unknown Source)
at main.java.bank.object.LogInPage.doLogIn(LogInPage.java:27)
at main.java.bank.testcases.EditAccount.verifyEditAccount(EditAccount.java:49)
... Removed 28 stack frames]]>
    </failure>
  </testcase> <!-- verifyEditAccount -->
  <testcase name="verifyLogOut" time="0.0" classname="main.java.bank.testcases.EditAccount">
    <skipped/>
  </testcase> <!-- verifyLogOut -->
  <testcase name="verifyUserCreated" time="0.0" classname="main.java.bank.testcases.EditAccount">
    <skipped/>
  </testcase> <!-- verifyUserCreated -->
</testsuite> <!-- Test Edit Account -->
